  ofApp.cpp
c:\dev\of_v0.11.0_vs2017_release\libs\openframeworks\utils\ofutils.h : warning C4819: 현재 코드 페이지(949)에서 표시할 수 없는 문자가 파일에 들어 있습니다. 데이터가 손실되지 않게 하려면 해당 파일을 유니코드 형식으로 저장하십시오.
c:\dev\of_v0.11.0_vs2017_release\libs\openframeworks\math\ofvec3f.h : warning C4819: 현재 코드 페이지(949)에서 표시할 수 없는 문자가 파일에 들어 있습니다. 데이터가 손실되지 않게 하려면 해당 파일을 유니코드 형식으로 저장하십시오.
c:\dev\of_v0.11.0_vs2017_release\libs\openframeworks\math\ofvec2f.h : warning C4819: 현재 코드 페이지(949)에서 표시할 수 없는 문자가 파일에 들어 있습니다. 데이터가 손실되지 않게 하려면 해당 파일을 유니코드 형식으로 저장하십시오.
c:\dev\of_v0.11.0_vs2017_release\apps\myapps\drawmaze\src\ofapp.cpp(48): warning C4018: '<': signed 또는 unsigned가 일치하지 않습니다.
c:\dev\of_v0.11.0_vs2017_release\apps\myapps\drawmaze\src\ofapp.cpp(57): warning C4018: '<': signed 또는 unsigned가 일치하지 않습니다.
c:\dev\of_v0.11.0_vs2017_release\apps\myapps\drawmaze\src\ofapp.cpp(69): warning C4018: '<': signed 또는 unsigned가 일치하지 않습니다.
c:\dev\of_v0.11.0_vs2017_release\apps\myapps\drawmaze\src\ofapp.cpp(20): warning C4101: 'p' :참조되지 않은 지역 변수입니다.
c:\dev\of_v0.11.0_vs2017_release\apps\myapps\drawmaze\src\ofapp.cpp(20): warning C4101: 'q' :참조되지 않은 지역 변수입니다.
c:\dev\of_v0.11.0_vs2017_release\apps\myapps\drawmaze\src\ofapp.cpp(231): warning C4553: '==': 식의 결과가 사용되지 않습니다. '='을(를) 의도했습니까?
c:\dev\of_v0.11.0_vs2017_release\apps\myapps\drawmaze\src\ofapp.cpp(451): warning C4101: 'tx' :참조되지 않은 지역 변수입니다.
c:\dev\of_v0.11.0_vs2017_release\apps\myapps\drawmaze\src\ofapp.cpp(449): warning C4101: 'tmp' :참조되지 않은 지역 변수입니다.
c:\dev\of_v0.11.0_vs2017_release\apps\myapps\drawmaze\src\ofapp.cpp(451): warning C4101: 'ty' :참조되지 않은 지역 변수입니다.
c:\dev\of_v0.11.0_vs2017_release\apps\myapps\drawmaze\src\ofapp.cpp(449): warning C4101: 'temp' :참조되지 않은 지역 변수입니다.
  DrawMaze.vcxproj -> C:\dev\of_v0.11.0_vs2017_release\apps\myApps\DrawMaze\bin\DrawMaze_debug.exe
  
  	                   2	C:\dev\of_v0.11.0_vs2017_release\libs\fmodex\lib\vs\Win32\
  	  *추가 파일  		 6018560	C:\dev\of_v0.11.0_vs2017_release\apps\myApps\DrawMaze\bin\FreeImage.dll
  
  	                   1	C:\dev\of_v0.11.0_vs2017_release\libs\FreeImage\lib\vs\Win32\
  	  *추가 파일  		 1266176	C:\dev\of_v0.11.0_vs2017_release\apps\myApps\DrawMaze\bin\fmodex.dll
  	  *추가 파일  		 1312768	C:\dev\of_v0.11.0_vs2017_release\apps\myApps\DrawMaze\bin\fmodexL.dll
